\BOOKMARK [1][-]{section.1}{Introduction}{}% 1
\BOOKMARK [1][-]{section.2}{Technical Problem}{}% 2
\BOOKMARK [1][-]{section.3}{Previous Work}{}% 3
\BOOKMARK [1][-]{section.4}{Solution}{}% 4
\BOOKMARK [2][-]{subsection.4.1}{Application Requirements}{section.4}% 5
\BOOKMARK [3][-]{subsubsection.4.1.1}{Use cases}{subsection.4.1}% 6
\BOOKMARK [3][-]{subsubsection.4.1.2}{Application screens}{subsection.4.1}% 7
\BOOKMARK [2][-]{subsection.4.2}{Application Design}{section.4}% 8
\BOOKMARK [2][-]{subsection.4.3}{Algorithm}{section.4}% 9
\BOOKMARK [1][-]{section.5}{Problems encountered and how they were addressed}{}% 10
\BOOKMARK [2][-]{subsection.5.1}{Orientation Bias}{section.5}% 11
\BOOKMARK [2][-]{subsection.5.2}{Different Devices}{section.5}% 12
\BOOKMARK [2][-]{subsection.5.3}{Changing Environment}{section.5}% 13
\BOOKMARK [2][-]{subsection.5.4}{High Noise}{section.5}% 14
\BOOKMARK [2][-]{subsection.5.5}{Data Collection}{section.5}% 15
\BOOKMARK [1][-]{section.6}{Experiments}{}% 16
\BOOKMARK [1][-]{section.7}{Conclusion}{}% 17
\BOOKMARK [1][-]{section.8}{Individual Contributions}{}% 18
\BOOKMARK [1][-]{section.9}{Acknowledgements}{}% 19
\BOOKMARK [1][-]{appendix.A}{Appendix: Further Analysis}{}% 20
